<?xml version="1.0" encoding="UTF-8"?>
<testng-results skipped="0" failed="0" ignored="0" total="1" passed="1">
  <reporter-output>
  </reporter-output>
  <suite name="Default suite" duration-ms="26045" started-at="2019-07-16T10:54:11Z" finished-at="2019-07-16T10:54:37Z">
    <groups>
    </groups>
    <test name="Default test" duration-ms="26045" started-at="2019-07-16T10:54:11Z" finished-at="2019-07-16T10:54:37Z">
      <class name="selinium.gmail.GmailCheck">
        <test-method status="PASS" signature="createlead()[pri:0, instance:selinium.gmail.GmailCheck@534df152]" name="createlead" duration-ms="25958" started-at="2019-07-16T10:54:11Z" finished-at="2019-07-16T10:54:37Z">
          <reporter-output>
          </reporter-output>
        </test-method> <!-- createlead -->
      </class> <!-- selinium.gmail.GmailCheck -->
    </test> <!-- Default test -->
  </suite> <!-- Default suite -->
</testng-results>
